Using pre-set license
Built from '2020.3/staging' branch; Version is '2020.3.26f1 (7298b473bc1a) revision 7510196'; Using compiler version '192528614'; Build Type 'Release'
OS: 'Windows 10  (10.0.19043) 64bit Professional' Language: 'en' Physical Memory: 15791 MB
BatchMode: 1, IsHumanControllingUs: 0, StartBugReporterOnCrash: 0, Is64bit: 1, IsPro: 0

COMMAND LINE ARGUMENTS:
C:\Unity\2020.3.26f1\Editor\Unity.exe
-adb2
-batchMode
-noUpm
-name
AssetImportWorker0
-projectPath
C:/Unity/My_Project_Game2D
-logFile
Logs/AssetImportWorker0.log
-srvPort
64957
Successfully changed project path to: C:/Unity/My_Project_Game2D
C:/Unity/My_Project_Game2D
Using Asset Import Pipeline V2.
Refreshing native plugins compatible for Editor in 79.14 ms, found 3 plugins.
Preloading 0 native plugins for Editor in 0.00 ms.
Initialize engine version: 2020.3.26f1 (7298b473bc1a)
[Subsystems] Discovering subsystems at path C:/Unity/2020.3.26f1/Editor/Data/Resources/UnitySubsystems
[Subsystems] Discovering subsystems at path C:/Unity/My_Project_Game2D/Assets
GfxDevice: creating device client; threaded=0
Direct3D:
    Version:  Direct3D 11.0 [level 11.1]
    Renderer: NVIDIA GeForce GTX 1650 Ti (ID=0x1f95)
    Vendor:   
    VRAM:     3962 MB
    Driver:   30.0.15.1179
Initialize mono
Mono path[0] = 'C:/Unity/2020.3.26f1/Editor/Data/Managed'
Mono path[1] = 'C:/Unity/2020.3.26f1/Editor/Data/MonoBleedingEdge/lib/mono/unityjit'
Mono config path = 'C:/Unity/2020.3.26f1/Editor/Data/MonoBleedingEdge/etc'
Using monoOptions --debugger-agent=transport=dt_socket,embedding=1,server=y,suspend=n,address=127.0.0.1:56808
Begin MonoManager ReloadAssembly
Registering precompiled unity dll's ...
Register platform support module: C:/Unity/2020.3.26f1/Editor/Data/PlaybackEngines/WebGLSupport/UnityEditor.WebGL.Extensions.dll
Register platform support module: C:/Unity/2020.3.26f1/Editor/Data/PlaybackEngines/WindowsStandaloneSupport/UnityEditor.WindowsStandalone.Extensions.dll
Registered in 0.001949 seconds.
Native extension for WindowsStandalone target not found
Native extension for WebGL target not found
Refreshing native plugins compatible for Editor in 83.75 ms, found 3 plugins.
Preloading 0 native plugins for Editor in 0.00 ms.
Mono: successfully reloaded assembly
- Completed reload, in  0.567 seconds
Domain Reload Profiling:
	ReloadAssembly (567ms)
		BeginReloadAssembly (46ms)
			ExecutionOrderSort (0ms)
			DisableScriptedObjects (0ms)
			BackupInstance (0ms)
			ReleaseScriptingObjects (0ms)
			CreateAndSetChildDomain (1ms)
		EndReloadAssembly (453ms)
			LoadAssemblies (45ms)
			RebuildTransferFunctionScriptingTraits (0ms)
			SetupTypeCache (132ms)
			ReleaseScriptCaches (0ms)
			RebuildScriptCaches (27ms)
			SetupLoadedEditorAssemblies (200ms)
				LogAssemblyErrors (0ms)
				InitializePlatformSupportModulesInManaged (5ms)
				SetLoadedEditorAssemblies (0ms)
				RefreshPlugins (84ms)
				BeforeProcessingInitializeOnLoad (16ms)
				ProcessInitializeOnLoadAttributes (70ms)
				ProcessInitializeOnLoadMethodAttributes (25ms)
				AfterProcessingInitializeOnLoad (0ms)
				EditorAssembliesLoaded (0ms)
			ExecutionOrderSort2 (0ms)
			AwakeInstancesAfterBackupRestoration (0ms)
Platform modules already initialized, skipping
Registering precompiled user dll's ...
Registered in 0.004627 seconds.
Begin MonoManager ReloadAssembly
Native extension for WindowsStandalone target not found
Native extension for WebGL target not found
Refreshing native plugins compatible for Editor in 82.13 ms, found 3 plugins.
Preloading 0 native plugins for Editor in 0.00 ms.
Mono: successfully reloaded assembly
- Completed reload, in  1.161 seconds
Domain Reload Profiling:
	ReloadAssembly (1162ms)
		BeginReloadAssembly (126ms)
			ExecutionOrderSort (0ms)
			DisableScriptedObjects (4ms)
			BackupInstance (0ms)
			ReleaseScriptingObjects (0ms)
			CreateAndSetChildDomain (18ms)
		EndReloadAssembly (975ms)
			LoadAssemblies (83ms)
			RebuildTransferFunctionScriptingTraits (0ms)
			SetupTypeCache (319ms)
			ReleaseScriptCaches (1ms)
			RebuildScriptCaches (55ms)
			SetupLoadedEditorAssemblies (401ms)
				LogAssemblyErrors (0ms)
				InitializePlatformSupportModulesInManaged (4ms)
				SetLoadedEditorAssemblies (0ms)
				RefreshPlugins (82ms)
				BeforeProcessingInitializeOnLoad (99ms)
				ProcessInitializeOnLoadAttributes (191ms)
				ProcessInitializeOnLoadMethodAttributes (19ms)
				AfterProcessingInitializeOnLoad (5ms)
				EditorAssembliesLoaded (0ms)
			ExecutionOrderSort2 (0ms)
			AwakeInstancesAfterBackupRestoration (6ms)
Platform modules already initialized, skipping
========================================================================
Worker process is ready to serve import requests
Launched and connected shader compiler UnityShaderCompiler.exe after 0.04 seconds
Refreshing native plugins compatible for Editor in 1.25 ms, found 3 plugins.
Preloading 0 native plugins for Editor in 0.00 ms.
Unloading 3542 Unused Serialized files (Serialized files now loaded: 0)
System memory in use before: 165.2 MB.
System memory in use after: 165.4 MB.

Unloading 30 unused Assets to reduce memory usage. Loaded Objects now: 3990.
Total: 3.706700 ms (FindLiveObjects: 0.357300 ms CreateObjectMapping: 0.088500 ms MarkObjects: 3.175100 ms  DeleteObjects: 0.083900 ms)

AssetImportParameters requested are different than current active one (requested -> active):
  custom:framework-win-MediaFoundation: 216162199b28c13a410421893ffa2e32 -> 
  custom:video-decoder-ogg-theora: a1e56fd34408186e4bbccfd4996cb3dc -> 
  custom:container-muxer-webm: aa71ff27fc2769a1b78a27578f13a17b -> 
  custom:container-demuxer-webm: 4f35f7cbe854078d1ac9338744f61a02 -> 
  custom:container-demuxer-ogg: 62fdf1f143b41e24485cea50d1cbac27 -> 
  custom:video-encoder-webm-vp8: eb34c28f22e8b96e1ab97ce403110664 -> 
  custom:video-codec-MediaFoundation-h265: 746d11721c4dcdbdad8f713fa42b33f4 -> 
  custom:video-decoder-webm-vp8: 9c59270c3fd7afecdb556c50c9e8de78 -> 
  custom:audio-decoder-ogg-vorbis: bf7c407c2cedff20999df2af8eb42d56 -> 
  custom:audio-encoder-webm-vorbis: bf7c407c2cedff20999df2af8eb42d56 -> 
========================================================================
Received Import Request.
  path: Assets/Scenes/Dungeon_1.unity
  artifactKey: Guid(8144c67775ab96c48b219633b6b4d284) Importer(815301076,1909f56bfc062723c751e8b465ee728b)
Start importing Assets/Scenes/Dungeon_1.unity using Guid(8144c67775ab96c48b219633b6b4d284) Importer(815301076,1909f56bfc062723c751e8b465ee728b)  -> (artifact id: '88fc59c85d28afd02c4907ad9b492ba8') in 0.014369 seconds 
  Import took 0.019577 seconds .

========================================================================
Received Import Request.
  Time since last request: 22.581176 seconds.
  path: Assets/Artwork/DungeonTile/Block/christmas_floor_1.asset
  artifactKey: Guid(e2bbd9928b3b867469a850069f2f2fe7) Importer(815301076,1909f56bfc062723c751e8b465ee728b)
Start importing Assets/Artwork/DungeonTile/Block/christmas_floor_1.asset using Guid(e2bbd9928b3b867469a850069f2f2fe7) Importer(815301076,1909f56bfc062723c751e8b465ee728b)  -> (artifact id: '4b06ed2610b17516ea227bb7de52d6d6') in 0.054698 seconds 
  Import took 0.060033 seconds .

========================================================================
Received Import Request.
  Time since last request: 0.511506 seconds.
  path: Assets/Artwork/DungeonTile/Block/floor_forest02_0.asset
  artifactKey: Guid(b5cc9536c4a358940bf2a237e285c116) Importer(815301076,1909f56bfc062723c751e8b465ee728b)
Start importing Assets/Artwork/DungeonTile/Block/floor_forest02_0.asset using Guid(b5cc9536c4a358940bf2a237e285c116) Importer(815301076,1909f56bfc062723c751e8b465ee728b)  -> (artifact id: '1582ae80488f7153fffe60611fc3702a') in 0.007919 seconds 
  Import took 0.013930 seconds .

========================================================================
Received Import Request.
  Time since last request: 0.369276 seconds.
  path: Assets/Artwork/DungeonTile/Block/floor_forest_02_0.asset
  artifactKey: Guid(01c430dbea333e34ca397cae0c71b6b4) Importer(815301076,1909f56bfc062723c751e8b465ee728b)
Start importing Assets/Artwork/DungeonTile/Block/floor_forest_02_0.asset using Guid(01c430dbea333e34ca397cae0c71b6b4) Importer(815301076,1909f56bfc062723c751e8b465ee728b)  -> (artifact id: '7ea9d6c6477eb34abd13576abedaa802') in 0.006960 seconds 
  Import took 0.012081 seconds .

========================================================================
Received Import Request.
  Time since last request: 0.629267 seconds.
  path: Assets/Artwork/DungeonTile/Block/floor_forest_03_12.asset
  artifactKey: Guid(7b3630c531c1f284e8260cef531fc457) Importer(815301076,1909f56bfc062723c751e8b465ee728b)
Start importing Assets/Artwork/DungeonTile/Block/floor_forest_03_12.asset using Guid(7b3630c531c1f284e8260cef531fc457) Importer(815301076,1909f56bfc062723c751e8b465ee728b)  -> (artifact id: '7277e8e663f58b6d1617f8313736f87e') in 0.007986 seconds 
  Import took 0.013358 seconds .

========================================================================
Received Import Request.
  Time since last request: 128.564220 seconds.
  path: Assets/Sprites/UI/GUI_4x.png
  artifactKey: Guid(187ec26695c1c844e962da8286666a48) Importer(815301076,1909f56bfc062723c751e8b465ee728b)
Start importing Assets/Sprites/UI/GUI_4x.png using Guid(187ec26695c1c844e962da8286666a48) Importer(815301076,1909f56bfc062723c751e8b465ee728b)  -> (artifact id: 'ae10a2dee17e2e0bfc8218ddfbb25b05') in 0.072545 seconds 
  Import took 0.079321 seconds .

========================================================================
Received Import Request.
  Time since last request: 0.276448 seconds.
  path: Assets/Sprites/UI/GUI.png
  artifactKey: Guid(637611e6a53128348a7156c63368bd10) Importer(815301076,1909f56bfc062723c751e8b465ee728b)
Start importing Assets/Sprites/UI/GUI.png using Guid(637611e6a53128348a7156c63368bd10) Importer(815301076,1909f56bfc062723c751e8b465ee728b)  -> (artifact id: '1f90d2e4322dc04362838cb366780813') in 0.048835 seconds 
  Import took 0.054356 seconds .

========================================================================
Received Prepare
Registering precompiled user dll's ...
Registered in 0.004610 seconds.
Begin MonoManager ReloadAssembly
Native extension for WindowsStandalone target not found
Native extension for WebGL target not found
Refreshing native plugins compatible for Editor in 0.85 ms, found 3 plugins.
Preloading 0 native plugins for Editor in 0.00 ms.
Mono: successfully reloaded assembly
- Completed reload, in  0.995 seconds
Domain Reload Profiling:
	ReloadAssembly (996ms)
		BeginReloadAssembly (110ms)
			ExecutionOrderSort (0ms)
			DisableScriptedObjects (5ms)
			BackupInstance (0ms)
			ReleaseScriptingObjects (0ms)
			CreateAndSetChildDomain (38ms)
		EndReloadAssembly (831ms)
			LoadAssemblies (79ms)
			RebuildTransferFunctionScriptingTraits (0ms)
			SetupTypeCache (314ms)
			ReleaseScriptCaches (2ms)
			RebuildScriptCaches (45ms)
			SetupLoadedEditorAssemblies (283ms)
				LogAssemblyErrors (0ms)
				InitializePlatformSupportModulesInManaged (4ms)
				SetLoadedEditorAssemblies (0ms)
				RefreshPlugins (1ms)
				BeforeProcessingInitializeOnLoad (93ms)
				ProcessInitializeOnLoadAttributes (170ms)
				ProcessInitializeOnLoadMethodAttributes (9ms)
				AfterProcessingInitializeOnLoad (5ms)
				EditorAssembliesLoaded (0ms)
			ExecutionOrderSort2 (0ms)
			AwakeInstancesAfterBackupRestoration (12ms)
Platform modules already initialized, skipping
Refreshing native plugins compatible for Editor in 0.88 ms, found 3 plugins.
Preloading 0 native plugins for Editor in 0.00 ms.
Unloading 3410 Unused Serialized files (Serialized files now loaded: 0)
System memory in use before: 158.9 MB.
System memory in use after: 159.1 MB.

Unloading 19 unused Assets to reduce memory usage. Loaded Objects now: 4036.
Total: 3.819500 ms (FindLiveObjects: 0.343800 ms CreateObjectMapping: 0.148500 ms MarkObjects: 3.304600 ms  DeleteObjects: 0.020600 ms)

AssetImportParameters requested are different than current active one (requested -> active):
  custom:framework-win-MediaFoundation: 216162199b28c13a410421893ffa2e32 -> 
  custom:video-decoder-ogg-theora: a1e56fd34408186e4bbccfd4996cb3dc -> 
  custom:container-muxer-webm: aa71ff27fc2769a1b78a27578f13a17b -> 
  custom:container-demuxer-webm: 4f35f7cbe854078d1ac9338744f61a02 -> 
  custom:container-demuxer-ogg: 62fdf1f143b41e24485cea50d1cbac27 -> 
  custom:video-encoder-webm-vp8: eb34c28f22e8b96e1ab97ce403110664 -> 
  custom:video-codec-MediaFoundation-h265: 746d11721c4dcdbdad8f713fa42b33f4 -> 
  custom:video-decoder-webm-vp8: 9c59270c3fd7afecdb556c50c9e8de78 -> 
  custom:audio-decoder-ogg-vorbis: bf7c407c2cedff20999df2af8eb42d56 -> 
  custom:audio-encoder-webm-vorbis: bf7c407c2cedff20999df2af8eb42d56 -> 
AssetImportWorkerClient::OnTransportError - code=2 error=End of file
